<?xml version="1.0" encoding="UTF-8"?>
<!-- Generated by org.testng.reporters.JUnitReportReporter -->
<testsuite hostname="DESKTOP-K8IOQ7F" failures="0" tests="4" name="testngpack.testng_class" time="0.022" errors="0" timestamp="2024-03-22T12:23:43 IST" skipped="0">
  <testcase classname="testngpack.testng_class" name="y" time="0.002"/>
  <system-out/>
  <testcase classname="testngpack.testng_class" name="n" time="0.002"/>
  <system-out/>
  <testcase classname="testngpack.testng_class" name="g" time="0.002"/>
  <system-out/>
  <testcase classname="testngpack.testng_class" name="f" time="0.016"/>
  <system-out/>
</testsuite> <!-- testngpack.testng_class -->
