<?xml version="1.0" encoding="UTF-8"?>
<!-- Generated by org.testng.reporters.JUnitReportReporter -->
<testsuite hostname="DESKTOP-K8IOQ7F" failures="0" tests="1" name="testngpack.Task_FB_login" time="6.908" errors="0" timestamp="2024-04-05T17:40:47 IST" skipped="0">
  <testcase classname="testngpack.Task_FB_login" name="pageTitle" time="6.908"/>
  <system-out/>
</testsuite> <!-- testngpack.Task_FB_login -->
